
P A U P *
Version 4.0a (build 159) for Unix/Linux (built on Nov 17 2017 at 11:35:17)
Tue Jan 30 10:27:26 2018

        -----------------------------NOTICE-----------------------------
          This is an alpha-test version that is still changing rapidly.
          It will expire on 1 Apr 2018.
        
          Please report bugs to dave@phylosolutions.com
        ----------------------------------------------------------------


paup> outgroup 1-2; set outroot=mono;

Outgroup status changed:
  2 taxa transferred to outgroup
  Total number of taxa now in outgroup = 2
  Number of ingroup taxa = 18

paup> bootstrap [bootstrap options] [/hsearch options]

Bootstrap method with heuristic search:
  Number of bootstrap replicates = 100
  Starting seed = generated automatically
  Number of characters resampled in each replicate = 382
  Optimality criterion = parsimony
    Character-status summary:
      Of 382 total characters:
        All characters are of type 'unord'
        All characters have equal weight
        198 characters are constant
        61 variable characters are parsimony-uninformative
        Number of parsimony-informative characters = 123
    Gaps are treated as "missing"
  Starting tree(s) obtained via stepwise addition
    Addition sequence: simple (reference taxon = Platypus)
    Number of trees held at each step = 1
  Branch-swapping algorithm: tree-bisection-reconnection (TBR) with reconnection limit = 8
    Steepest descent option not in effect
  Initial 'Maxtrees' setting = 100
  Branches collapsed (creating polytomies) if maximum branch length is zero
  'MulTrees' option in effect
  No topological constraints in effect
  Trees are unrooted

  100 bootstrap replicates completed
  Time used = 0.70 sec (CPU time = 0.70 sec)

Bootstrap 50% majority-rule consensus tree

                                                        /---------------------------- Platypus(1)
/-------------------------------------------------------+
|                                                       \---------------------------- Echidna(2)
|
|                                                       /---------------------------- Opossum(3)
|                                                       |
|                           /------------98-------------+---------------------------- Wallaby(4)
|                           |                           |
100                         |                           \---------------------------- Bandicoot(5)
|                           |
|                           |                           /---------------------------- Elephant(6)
|                           |                           |
|                           |                           +---------------------------- Aardvark(7)
|                           |                           |
|                           |                           +---------------------------- Tenrec(8)
\---------------------------+                           |
                            |                           +---------------------------- Sloth(9)
                            |                           |
                            |                           +---------------------------- Armadillo(10)
                            |                           |
                            |                           +---------------------------- Human(11)
                            |                           |
                            |                           +---------------------------- Tree shrew(12)
                            |                           |
                            \------------57-------------+---------------------------- Rabbit(13)
                                                        |
                                                        +---------------------------- Mouse(14)
                                                        |
                                                        +---------------------------- Hedgehog(15)
                                                        |
                                                        +---------------------------- Flying fox(16)
                                                        |
                                                        +---------------------------- Cat(17)
                                                        |
                                                        +---------------------------- Dog(18)
                                                        |
                                                        +---------------------------- Pig(19)
                                                        |
                                                        \---------------------------- Whale(20)

Bipartitions found in one or more trees and frequency of occurrence (bootstrap support values):

         1         2
12345678901234567890          Freq
----------------------------------
..******************        100.00
..***...............         98.00
.....***************         56.83
..**................         49.18
...**...............         42.48
................**..         40.14
...............*..*.         37.50
.......*.*..........         36.61
..................**         34.48
.....*..*.*.........         32.69
...............*..**         32.52
........*.*.........         29.75
........**..........         22.39
.....*..*...........         21.44
...........**.......         20.83
.....*....*.........         20.42
........*...*.......         18.08
........**..*.......         17.33
.............**.....         16.17
.....**.*.*.........         15.86
.....********.******         14.50
.....**.************         14.01
.....*........*.....         12.82
..***********.******         12.00
.....**...*.........         10.81
.....*..........*...         10.17
..........*......*..         10.06
.....**.........*...         10.00
.............*..**..          9.10
...........*......*.          9.00
...........*...*..**          9.00
.....**...*.....**..          8.06
...........*...*..*.          8.00
..*.*...............          7.84
.......*......*.....          7.80
.......*.*....*.....          7.60
..*****.************          7.33
.......***..........          6.22
.......***.**.......          6.20
........***.........          6.00
..****.*************          6.00
.......*.*.*........          6.00
.....**.*.*.....**..          6.00
.............**.**..          6.00
............*...*...          5.75
.....*.............*          5.62
.....*....*...*.....          5.41
.....**.............          5.33
.......*.*.*********          5.00
.........*.**.......          5.00
.........*...*......          5.00

596 groups at (relative) frequency less than 5% not shown

paup> bootstrap nreps=200 treefile=boot.tre search=heuristic /start=stepwise addseq=random nreps=10 swap=TBR;

Bootstrap method with heuristic search:
  Number of bootstrap replicates = 200
  Starting seed = generated automatically
  Number of characters resampled in each replicate = 382
  Optimality criterion = parsimony
    Character-status summary:
      Of 382 total characters:
        All characters are of type 'unord'
        All characters have equal weight
        198 characters are constant
        61 variable characters are parsimony-uninformative
        Number of parsimony-informative characters = 123
    Gaps are treated as "missing"
  Starting tree(s) obtained via stepwise addition
    Addition sequence: random
    Number of replicates = 10
    Starting seed = generated automatically
    Number of trees held at each step = 1
  Branch-swapping algorithm: tree-bisection-reconnection (TBR) with reconnection limit = 8
    Steepest descent option not in effect
  Initial 'Maxtrees' setting = 100
  Branches collapsed (creating polytomies) if maximum branch length is zero
  'MulTrees' option in effect
  No topological constraints in effect
  Trees are unrooted

  200 bootstrap replicates completed
  Time used = 11.65 sec (CPU time = 11.64 sec)

Trees for each replicate written to treefile: ~/EEOB563_Assignment/EEOB563/labs/lab_2/boot.tre

Bootstrap 50% majority-rule consensus tree

                                                               /--------------------- Platypus(1)
/--------------------------------------------------------------+
|                                                              \--------------------- Echidna(2)
|
|                                         /------------------------------------------ Opossum(3)
|                                         |
|                    /---------98---------+                    /--------------------- Wallaby(4)
|                    |                    \---------50---------+
100                  |                                         \--------------------- Bandicoot(5)
|                    |
|                    |                                         /--------------------- Elephant(6)
|                    |                                         |
|                    |                                         +--------------------- Aardvark(7)
|                    |                                         |
|                    |                                         +--------------------- Tenrec(8)
\--------------------+                                         |
                     |                                         +--------------------- Sloth(9)
                     |                                         |
                     |                                         +--------------------- Armadillo(10)
                     |                                         |
                     |                                         +--------------------- Human(11)
                     |                                         |
                     |                                         +--------------------- Tree shrew(12)
                     |                                         |
                     \-------------------54--------------------+--------------------- Rabbit(13)
                                                               |
                                                               +--------------------- Mouse(14)
                                                               |
                                                               +--------------------- Hedgehog(15)
                                                               |
                                                               +--------------------- Flying fox(16)
                                                               |
                                                               +--------------------- Cat(17)
                                                               |
                                                               +--------------------- Dog(18)
                                                               |
                                                               +--------------------- Pig(19)
                                                               |
                                                               \--------------------- Whale(20)

Bipartitions found in one or more trees and frequency of occurrence (bootstrap support values):

         1         2
12345678901234567890          Freq        %
-------------------------------------------
..******************        200.00  100.00%
..***...............        196.90   98.45%
.....***************        108.06   54.03%
...**...............        100.78   50.39%
..**................         89.82   44.91%
...............*..**         81.25   40.63%
...............*..*.         75.91   37.95%
.......*.*..........         71.85   35.93%
..................**         69.60   34.80%
................**..         69.32   34.66%
.....*..*.*.........         56.91   28.46%
........*.*.........         53.73   26.87%
........**..........         45.22   22.61%
.....*..*...........         45.06   22.53%
.....*....*.........         40.14   20.07%
........**..*.......         40.04   20.02%
.....********.******         39.59   19.80%
.............**.....         38.49   19.24%
...........**.......         32.35   16.17%
........*...*.......         28.11   14.05%
.....**.*.*.........         27.42   13.71%
.....**.........*...         26.04   13.02%
.....*..........*...         25.88   12.94%
.....*........*.....         24.86   12.43%
..*****.************         21.47   10.73%
...........*...*..**         20.98   10.49%
.......*......*.....         20.70   10.35%
.....**.............         20.07   10.04%
.......***..........         20.07   10.04%
.....**...*.....**..         18.34    9.17%
..........*......*..         17.90    8.95%
..***........*......         16.98    8.49%
.......***..*.......         16.90    8.45%
.....**.************         16.84    8.42%
.....*.*************         14.83    7.42%
.............*..**..         14.68    7.34%
...........*...*..*.         14.60    7.30%
.....**...*.........         14.48    7.24%
...........*......*.         13.81    6.90%
........***.........         13.79    6.90%
..***********.******         13.70    6.85%
.....*....*...*.....         13.66    6.83%
..*****************.         13.42    6.71%
............*...*...         12.83    6.42%
.....**...*...*.....         11.61    5.81%
........***.*.......         11.35    5.67%
..............*..*..         10.77    5.39%

1227 groups at (relative) frequency less than 5% not shown

paup> savetrees file=bootMajRule.tree from=1 to=1 savebootp=nodelabels;

1 tree saved to file "~/EEOB563_Assignment/EEOB563/labs/lab_2/bootMajRule.tree"

paup> gettrees file=boot.tre StoreTreeWts=yes mode=3;

Processing TREES block from file: ~/EEOB563_Assignment/EEOB563/labs/lab_2/boot.tre
  Keeping: trees from file (replacing any trees already in memory)

The limit of 100 trees (= 'Maxtrees') has been reached.  Do you want to increase Maxtrees?

Do you want to increase 'Maxtrees'? (Y/n)Y

Enter new value for 'Maxtrees' (200):3

You must specify a value for 'Maxtrees' greater than 100.

Do you want to increase 'Maxtrees'? (Y/n)Y

Enter new value for 'Maxtrees' (200):100

You must specify a value for 'Maxtrees' greater than 100.

Do you want to increase 'Maxtrees'? (Y/n)n

  100 trees read from file

  Time used = 00:01:05 (CPU time = 0.00 sec)

paup> ontree all/strict=no majrule=yes usetreewts=yes treefile=bootMajRule.tre;

Error(#152): Command "ontree" is unrecognized.
                 If it is spelled correctly, look for problems in a previous command, such as an
                 unintentional semicolon.

paup> contree all/strict=no majrule=yes usetreewts=yes treefile=bootMajRule.tre;

50% Majority-rule consensus of 100 trees (using tree weights, sum = 28)

                                                               /--------------------- Platypus(1)
/--------------------------------------------------------------+
|                                                              \--------------------- Echidna(2)
|
|                                         /------------------------------------------ Opossum(3)
|                                         |
|                    /---------96---------+                    /--------------------- Wallaby(4)
|                    |                    \---------51---------+
100                  |                                         \--------------------- Bandicoot(5)
|                    |
|                    |                                         /--------------------- Elephant(6)
|                    |                                         |
|                    |                                         +--------------------- Aardvark(7)
|                    |                                         |
|                    |                                         +--------------------- Tenrec(8)
\--------------------+                                         |
                     |                                         +--------------------- Sloth(9)
                     |                                         |
                     |                                         +--------------------- Armadillo(10)
                     |                                         |
                     |                                         +--------------------- Human(11)
                     |                                         |
                     |                                         +--------------------- Tree shrew(12)
                     |                                         |
                     \-------------------59--------------------+--------------------- Rabbit(13)
                                                               |
                                                               +--------------------- Mouse(14)
                                                               |
                                                               +--------------------- Hedgehog(15)
                                                               |
                                                               +--------------------- Flying fox(16)
                                                               |
                                                               +--------------------- Cat(17)
                                                               |
                                                               +--------------------- Dog(18)
                                                               |
                                                               +--------------------- Pig(19)
                                                               |
                                                               \--------------------- Whale(20)

Bipartitions found in one or more trees and frequency of occurrence:

         1         2
12345678901234567890          Freq        %
-------------------------------------------
..******************         28.00  100.00%
..***...............         27.00   96.43%
.....***************         16.47   58.83%
...**...............         14.23   50.81%
..................**         13.23   47.26%
...............*..**         12.89   46.03%
.......*.*..........         12.33   44.05%
..**................         11.77   42.04%
................**..         11.68   41.73%
.....*..*.*.........          9.74   34.78%
.....*..*...........          9.57   34.18%
...............*..*.          7.81   27.89%
.....********.******          6.21   22.18%
........*.*.........          5.67   20.24%
.............**.....          5.49   19.60%
.....*....*.........          5.43   19.39%
........**..*.......          5.14   18.37%
........*...*.......          5.14   18.35%
...........**.......          4.84   17.29%
........**..........          4.46   15.92%
.....**.*.*.........          4.42   15.79%
.....*..........*...          3.33   11.90%
...........*......*.          3.00   10.71%
.......*......*.....          3.00   10.71%
.....**.............          3.00   10.71%
.....*.............*          3.00   10.71%
........***.........          3.00   10.71%
........***.*.......          3.00   10.71%
..........*......*..          3.00   10.71%
..*****.************          3.00   10.71%
.....**.........*...          2.89   10.34%
.....**.***.*...**..          2.46    8.78%
.......***..........          2.46    8.78%
.....**...*.....**..          2.42    8.65%
...........*...*..**          2.32    8.28%
.......*.*...**.....          2.32    8.27%
.....**.************          2.26    8.08%
..***********.******          2.21    7.89%
.....*..*.*.....**..          2.14    7.65%
........**.**.......          2.11    7.52%
..............*..*..          2.05    7.33%
.......***..*.......          2.00    7.14%
.............*..**..          2.00    7.14%
.....*....*........*          2.00    7.14%
.......*...*........          2.00    7.14%
.......***.****.....          2.00    7.14%
.....**...*....*****          2.00    7.14%
............*.*.....          2.00    7.14%
...........****.....          2.00    7.14%
..****.*************          2.00    7.14%
..*****.*.**********          2.00    7.14%
.....**********.....          2.00    7.14%
.....**...*.........          2.00    7.14%
...........*...*..*.          2.00    7.14%
..***........*......          2.00    7.14%
..***..*............          1.86    6.64%
..***......*........          1.83    6.55%
..*****.******.*****          1.67    5.95%
......*....*........          1.62    5.80%
..........**.....*..          1.53    5.45%
.....**.***.**..**..          1.50    5.36%
.......*.*....*.....          1.32    4.70%
...........**..*..**          1.30    4.65%
.....*..*.*.....*...          1.21    4.32%
............*..*....          1.16    4.14%
.....**********.**..          1.16    4.14%
..*****.***.*...**..          1.14    4.08%
.....**.*.*.....**..          1.14    4.08%
.....*....*.....**..          1.11    3.95%
.....********..*****          1.11    3.95%
...........**..*....          1.11    3.95%
.............**..*..          1.09    3.88%
......****.*********          1.00    3.57%
..*..***************          1.00    3.57%
..**.***************          1.00    3.57%
............*..*...*          1.00    3.57%
.........*.*......*.          1.00    3.57%
......**............          1.00    3.57%
......**......*.....          1.00    3.57%
.....****.*...*.....          1.00    3.57%
.....*******..*.***.          1.00    3.57%
............*....*..          1.00    3.57%
.........*..*....*..          1.00    3.57%
........**.**..*..**          1.00    3.57%
.....***..*.........          1.00    3.57%
.....***..*.....*...          1.00    3.57%
.....***..*...*.**..          1.00    3.57%
..*********.*.*.**..          1.00    3.57%
..***********.*.**..          1.00    3.57%
..***********.****..          1.00    3.57%
..***********.*****.          1.00    3.57%
........**.**..*..*.          1.00    3.57%
.......***.**.**..*.          1.00    3.57%
.............*...*..          1.00    3.57%
.....**...*........*          1.00    3.57%
.....**...*..*..**.*          1.00    3.57%
......**.*..........          1.00    3.57%
.....******.....**..          1.00    3.57%
.....******...*.**..          1.00    3.57%
......*...........*.          1.00    3.57%
.......*...*..*.....          1.00    3.57%
.....*......*......*          1.00    3.57%
.....*..***.*......*          1.00    3.57%
.....*.******.*....*          1.00    3.57%
.....*.******.**...*          1.00    3.57%
.....*.***********.*          1.00    3.57%
........*.*.*.......          1.00    3.57%
........***.***.....          1.00    3.57%
.......***.**.......          1.00    3.57%
.....*....*.....**.*          1.00    3.57%
.....**...*.....**.*          1.00    3.57%
..*.*...............          1.00    3.57%
............*.**....          1.00    3.57%
.....**.*.**....**..          1.00    3.57%
.....*******....**..          1.00    3.57%
...............*.***          1.00    3.57%
.......*.*......*...          1.00    3.57%
.......*.*.....*****          1.00    3.57%
.......*.**....*****          1.00    3.57%
......**.**....*****          1.00    3.57%
..****..*...........          1.00    3.57%
..*********....*****          1.00    3.57%
.......***....*.....          1.00    3.57%
.......***..*.*.....          1.00    3.57%
.......***..*.*.*...          1.00    3.57%
.......***..*.*.*..*          1.00    3.57%
..........**...*.**.          1.00    3.57%
.....**...**...*.**.          1.00    3.57%
.....**...**.*.*.**.          1.00    3.57%
.....*..*.*........*          1.00    3.57%
.....**.*.*........*          1.00    3.57%
.....**.*.*......*.*          1.00    3.57%
.....**.*.*.....**.*          1.00    3.57%
.....**.*.*..*..**.*          1.00    3.57%
..***......**..*..*.          1.00    3.57%
..*****.*.****.*****          1.00    3.57%
.......*.*.****.....          1.00    3.57%
...............**.**          1.00    3.57%
.......***..***.....          1.00    3.57%
......****.****.....          1.00    3.57%
.....**********..*..          1.00    3.57%
............***.....          1.00    3.57%
.....**.*.*....*****          1.00    3.57%
.....**.*.**********          1.00    3.57%
........*****.......          1.00    3.57%
..***........**.....          1.00    3.57%
..***...*******.....          1.00    3.57%
..***...********..**          1.00    3.57%
..***..*********..**          1.00    3.57%
..***..*************          1.00    3.57%
.....**.***.*.......          1.00    3.57%
..***........*..**..          1.00    3.57%
..........*....*.***          1.00    3.57%
......*...*....*.***          1.00    3.57%
.....**...***..*****          1.00    3.57%
.....***..***..*****          1.00    3.57%
.....**.*.*.*.......          1.00    3.57%
.....**.*.*.*....*..          1.00    3.57%
.....**.*.***....*..          1.00    3.57%
.....**.*.***.*..*..          1.00    3.57%
.....**.*.***.*.**..          1.00    3.57%
.....**.*.***.******          1.00    3.57%
..............**.***          1.00    3.57%
.......******.......          1.00    3.57%
.......******.**.***          1.00    3.57%
.....**......*..*...          1.00    3.57%
...........**......*          1.00    3.57%
.....*........*.....          1.00    3.57%
.....*....*...*.....          1.00    3.57%
.....**...*...*.....          1.00    3.57%
.....**...*...*..*..          1.00    3.57%
.....**...*...*.**..          1.00    3.57%
.....**...*...****..          1.00    3.57%
.....**...*...*****.          1.00    3.57%
.....**...***.******          1.00    3.57%
..***..***..........          1.00    3.57%
........*...**......          1.00    3.57%
........**..**......          1.00    3.57%
.....**.........**..          1.00    3.57%
.....**.***.***.**..          1.00    3.57%
.....**.***.***.**.*          1.00    3.57%
.........*..*.......          0.85    3.03%
.......***..*...*...          0.75    2.68%
.....**.*.*.....*...          0.75    2.68%
..*****.******.****.          0.75    2.68%
...........*...**.*.          0.67    2.38%
.........*....*.....          0.67    2.38%
.....*..***...*.....          0.67    2.38%
.....*..***...*..*..          0.67    2.38%
.....*..****..*****.          0.67    2.38%
.....*..****..******          0.67    2.38%
.....*..*****.******          0.67    2.38%
.....*..************          0.67    2.38%
..*****.***.**..**..          0.67    2.38%
.............***.***          0.62    2.23%
..****..************          0.62    2.21%
.....*.*************          0.58    2.07%
.....**.*****.******          0.53    1.88%
.......*.*.....*..**          0.53    1.88%
..*****.*****...**..          0.50    1.79%
..*****.******..**..          0.50    1.79%
.....**.***.**.****.          0.50    1.79%
........***.**......          0.50    1.79%
........*******.....          0.50    1.79%
........*******..*..          0.50    1.79%
.....**........**.**          0.50    1.79%
...........*.....*..          0.50    1.79%
........***.*.*.....          0.50    1.79%
.....**.***.***.*...          0.50    1.79%
.....**.*******.**..          0.50    1.79%
............*..*..*.          0.50    1.79%
.....*..*..........*          0.50    1.79%
..***.......*.......          0.50    1.79%
..***......**.......          0.50    1.79%
.......*.*.*.**.....          0.50    1.79%
.......*.*..***.....          0.50    1.79%
..............*..*.*          0.50    1.79%
.........*.*****..**          0.43    1.53%
.........*.*********          0.43    1.53%
..****..*.*.........          0.43    1.53%
...........*.***..**          0.43    1.53%
........**.*****..**          0.43    1.53%
........**.*********          0.43    1.53%
......*.**.*********          0.43    1.53%
..****....*.........          0.43    1.53%
........*****....*..          0.42    1.50%
........*****.*..*..          0.42    1.50%
.......***..********          0.38    1.34%
...........*.***.***          0.38    1.34%
........*****.**.***          0.37    1.32%
.....***........*...          0.37    1.32%
.......*.*.*********          0.37    1.32%
.....****.*...*.**..          0.33    1.19%
.....*******..*...*.          0.33    1.19%
.........*.*....***.          0.33    1.19%
...........*...*....          0.33    1.19%
.....**.***.***.****          0.33    1.19%
.....**.*******.****          0.33    1.19%
.....*******....****          0.33    1.19%
............*.**..**          0.33    1.19%
.....********.****..          0.33    1.19%
............*......*          0.33    1.19%
............**.....*          0.33    1.19%
..........*...*.....          0.33    1.19%
..........*...*..*..          0.33    1.19%
.....*.........**...          0.33    1.19%
.....*....*...****..          0.33    1.19%
.....*....*.******.*          0.33    1.19%
.....*....*.********          0.33    1.19%
..****....**********          0.33    1.19%
..***......*.*.*****          0.33    1.19%
..*****.***.***.**..          0.33    1.19%
.......*.*.....*....          0.32    1.13%
.......*.*.*****.***          0.32    1.13%
.........*...**.....          0.29    1.02%
........**...**.....          0.29    1.02%
........**..***.....          0.29    1.02%
...........*.**.....          0.27    0.96%
.....***.....*..*...          0.26    0.94%
.....**.***.*.*.**..          0.26    0.94%
.......*.*...**.**..          0.26    0.94%
.......***..****.***          0.25    0.89%
......*....*.***.***          0.25    0.89%
......****..*...*...          0.25    0.89%
.........*..*...**..          0.25    0.89%
.....********...**..          0.21    0.75%
.....***********..**          0.21    0.75%
.............**.**..          0.21    0.75%
.......*.*.*****..**          0.21    0.75%
.....**.***.********          0.17    0.60%
.....**.*****.*.**..          0.16    0.56%
.....******..**.**..          0.16    0.56%
.......*.*.**..*..**          0.16    0.56%
.......*.*........**          0.16    0.56%
......*..*.*********          0.14    0.51%
........*....**.....          0.14    0.51%
...........*..*.....          0.14    0.51%
..*****.*******.**..          0.14    0.51%
......****.**...*...          0.12    0.45%
.............***.*..          0.12    0.45%
.............***.**.          0.12    0.45%
...........*.**..*..          0.12    0.45%
.....***..*.....**..          0.11    0.38%
.....********.*.**..          0.11    0.38%
........*****.**.*..          0.11    0.38%
.....*****..*...*...          0.11    0.38%
.....**********.****          0.11    0.38%
.....**.*.***..*..**          0.11    0.38%
.......*.*...*******          0.11    0.38%
.......*.*...***.***          0.11    0.38%
.......*.*...**..***          0.11    0.38%
.......*.*...***..**          0.11    0.38%
........***.*....*..          0.05    0.19%
........***.*.*..*..          0.05    0.19%
..***..*.....*......          0.05    0.19%
.....**.***.*..*****          0.05    0.19%
.....**.***.*.******          0.05    0.19%
.....**.***.*.****..          0.05    0.19%
.....**.*****.****..          0.05    0.19%
.......*.*...**.****          0.05    0.19%
.....**.*.***.......          0.05    0.19%
.....********..*..**          0.05    0.19%
.......*.*..****.***          0.05    0.19%

Consensus tree(s) written to treefile: ~/EEOB563_Assignment/EEOB563/labs/lab_2/bootMajRule.tre

paup> log stop; quit;
